[INFO ] 2024-03-09 10:45:44.429 [main] OsProductServiceApplicationKt - Starting OsProductServiceApplicationKt using Java 17.0.9 with PID 6956 (D:\IdeaProjects\online-store\OSProductService\build\classes\kotlin\main started by Idris in D:\IdeaProjects\online-store\OSProductService)
[DEBUG] 2024-03-09 10:45:44.436 [main] OsProductServiceApplicationKt - Running with Spring Boot v3.2.3, Spring v6.1.4
[INFO ] 2024-03-09 10:45:44.438 [main] OsProductServiceApplicationKt - No active profile set, falling back to 1 default profile: "default"
[INFO ] 2024-03-09 10:45:47.732 [main] OsProductServiceApplicationKt - Started OsProductServiceApplicationKt in 4.017 seconds (process running for 5.626)
[INFO ] 2024-03-09 10:47:19.583 [http-nio-8080-exec-3] ProductController - Input, layer: Controller, requestMethod: GET, url: /{id}/{name}, method invoked: com.codergm.productservice.controller.ProductController.getProductById(), data: {"name":"fsd","id":2}
[INFO ] 2024-03-09 10:47:19.596 [http-nio-8080-exec-3] ProductService - Input, layer: Service, requestMethod: N/A, url: N/A, method invoked: com.codergm.productservice.service.ProductService.getProductById(), data: {"id":2}
[INFO ] 2024-03-09 10:47:19.959 [http-nio-8080-exec-3] ProductService - Output, layer: Service, requestMethod: N/A, url: N/A, method invoked: com.codergm.productservice.service.ProductService.getProductById(), data: {"productName":"MacBook","productId":2,"quantity":10,"price":2000}
[INFO ] 2024-03-09 10:47:19.960 [http-nio-8080-exec-3] ProductService - method com.codergm.productservice.service.ProductService.getProductById() executed in 321.030900ms
[INFO ] 2024-03-09 10:47:20.002 [http-nio-8080-exec-3] ProductController - Output, layer: Controller, requestMethod: GET, url: /{id}/{name}, method invoked: com.codergm.productservice.controller.ProductController.getProductById(), data: {"headers":{},"body":{"productName":"MacBook","productId":2,"quantity":10,"price":2000},"statusCode":"OK","statusCodeValue":200}
[INFO ] 2024-03-09 10:47:20.003 [http-nio-8080-exec-3] ProductController - method com.codergm.productservice.controller.ProductController.getProductById() executed in 372.759400ms
[INFO ] 2024-03-09 10:57:51.320 [main] OsProductServiceApplicationKt - Starting OsProductServiceApplicationKt using Java 17.0.9 with PID 33208 (D:\IdeaProjects\online-store\OSProductService\build\classes\kotlin\main started by Idris in D:\IdeaProjects\online-store\OSProductService)
[DEBUG] 2024-03-09 10:57:51.326 [main] OsProductServiceApplicationKt - Running with Spring Boot v3.2.3, Spring v6.1.4
[INFO ] 2024-03-09 10:57:51.327 [main] OsProductServiceApplicationKt - No active profile set, falling back to 1 default profile: "default"
[INFO ] 2024-03-09 10:57:54.498 [main] OsProductServiceApplicationKt - Started OsProductServiceApplicationKt in 3.91 seconds (process running for 5.686)
[INFO ] 2024-03-09 10:58:00.785 [http-nio-8080-exec-2] ProductController - Input, layer: Controller, requestMethod: GET, url: /product/{id}/{name}, method invoked: com.codergm.productservice.controller.ProductController.getProductById(), data: {"name":"fsd","id":2}
[INFO ] 2024-03-09 10:58:00.788 [http-nio-8080-exec-2] ProductService - Input, layer: Service, requestMethod: N/A, url: N/A, method invoked: com.codergm.productservice.service.ProductService.getProductById(), data: {"id":2}
[INFO ] 2024-03-09 10:58:00.866 [http-nio-8080-exec-2] ProductService - Output, layer: Service, requestMethod: N/A, url: N/A, method invoked: com.codergm.productservice.service.ProductService.getProductById(), data: {"productName":"MacBook","productId":2,"quantity":10,"price":2000}
[INFO ] 2024-03-09 10:58:00.867 [http-nio-8080-exec-2] ProductService - method com.codergm.productservice.service.ProductService.getProductById() executed in 53.881300ms
[INFO ] 2024-03-09 10:58:00.877 [http-nio-8080-exec-2] ProductController - Output, layer: Controller, requestMethod: GET, url: /product/{id}/{name}, method invoked: com.codergm.productservice.controller.ProductController.getProductById(), data: {"headers":{},"body":{"productName":"MacBook","productId":2,"quantity":10,"price":2000},"statusCode":"OK","statusCodeValue":200}
[INFO ] 2024-03-09 10:58:00.877 [http-nio-8080-exec-2] ProductController - method com.codergm.productservice.controller.ProductController.getProductById() executed in 82.186900ms
[INFO ] 2024-03-09 11:01:58.272 [http-nio-8080-exec-3] ProductController - Input, layer: Controller, requestMethod: GET, url: /product/{id}/{name}, method invoked: com.codergm.productservice.controller.ProductController.getProductById(), data: {"name":"fsd","id":2}
[INFO ] 2024-03-09 11:01:58.273 [http-nio-8080-exec-3] ProductService - Input, layer: Service, requestMethod: N/A, url: N/A, method invoked: com.codergm.productservice.service.ProductService.getProductById(), data: {"id":2}
[INFO ] 2024-03-09 11:01:58.281 [http-nio-8080-exec-3] ProductService - Output, layer: Service, requestMethod: N/A, url: N/A, method invoked: com.codergm.productservice.service.ProductService.getProductById(), data: {"productName":"MacBook","productId":2,"quantity":10,"price":2000}
[INFO ] 2024-03-09 11:01:58.281 [http-nio-8080-exec-3] ProductService - method com.codergm.productservice.service.ProductService.getProductById() executed in 3.533200ms
[INFO ] 2024-03-09 11:01:58.302 [http-nio-8080-exec-3] ProductController - Output, layer: Controller, requestMethod: GET, url: /product/{id}/{name}, method invoked: com.codergm.productservice.controller.ProductController.getProductById(), data: {"headers":{},"body":{"productName":"MacBook","productId":2,"quantity":10,"price":2000},"statusCode":"OK","statusCodeValue":200}
[INFO ] 2024-03-09 11:01:58.303 [http-nio-8080-exec-3] ProductController - method com.codergm.productservice.controller.ProductController.getProductById() executed in 8.591200ms
[INFO ] 2024-03-09 11:10:09.341 [main] OsProductServiceApplicationKt - Starting OsProductServiceApplicationKt using Java 17.0.9 with PID 27668 (D:\IdeaProjects\online-store\OSProductService\build\classes\kotlin\main started by Idris in D:\IdeaProjects\online-store\OSProductService)
[DEBUG] 2024-03-09 11:10:09.347 [main] OsProductServiceApplicationKt - Running with Spring Boot v3.2.3, Spring v6.1.4
[INFO ] 2024-03-09 11:10:09.348 [main] OsProductServiceApplicationKt - No active profile set, falling back to 1 default profile: "default"
[INFO ] 2024-03-09 11:10:12.706 [main] OsProductServiceApplicationKt - Started OsProductServiceApplicationKt in 3.967 seconds (process running for 5.532)
[INFO ] 2024-03-09 11:10:25.082 [http-nio-8080-exec-1] ProductController - Input, layer: Controller, requestMethod: GET, url: /product/{id}/{name}, method invoked: com.codergm.productservice.controller.ProductController.getProductById(), data: {"code":"SomeCode","name":"fsd","id":2}
[INFO ] 2024-03-09 11:10:25.096 [http-nio-8080-exec-1] ProductService - Input, layer: Service, requestMethod: N/A, url: N/A, method invoked: com.codergm.productservice.service.ProductService.getProductById(), data: {"id":2}
[INFO ] 2024-03-09 11:10:25.527 [http-nio-8080-exec-1] ProductService - Output, layer: Service, requestMethod: N/A, url: N/A, method invoked: com.codergm.productservice.service.ProductService.getProductById(), data: {"productName":"MacBook","productId":2,"quantity":10,"price":2000}
[INFO ] 2024-03-09 11:10:25.528 [http-nio-8080-exec-1] ProductService - Method com.codergm.productservice.service.ProductService.getProductById() executed in 341.805100ms
[INFO ] 2024-03-09 11:10:25.579 [http-nio-8080-exec-1] ProductController - Output, layer: Controller, requestMethod: GET, url: /product/{id}/{name}, method invoked: com.codergm.productservice.controller.ProductController.getProductById(), data: {"headers":{},"body":{"productName":"MacBook","productId":2,"quantity":10,"price":2000},"statusCode":"OK","statusCodeValue":200}
[INFO ] 2024-03-09 11:10:25.579 [http-nio-8080-exec-1] ProductController - Method com.codergm.productservice.controller.ProductController.getProductById() executed in 446.811800ms
[INFO ] 2024-03-09 11:12:08.504 [main] OsProductServiceApplicationKt - Starting OsProductServiceApplicationKt using Java 17.0.9 with PID 7624 (D:\IdeaProjects\online-store\OSProductService\build\classes\kotlin\main started by Idris in D:\IdeaProjects\online-store\OSProductService)
[DEBUG] 2024-03-09 11:12:08.513 [main] OsProductServiceApplicationKt - Running with Spring Boot v3.2.3, Spring v6.1.4
[INFO ] 2024-03-09 11:12:08.515 [main] OsProductServiceApplicationKt - No active profile set, falling back to 1 default profile: "default"
[INFO ] 2024-03-09 11:12:12.074 [main] OsProductServiceApplicationKt - Started OsProductServiceApplicationKt in 4.444 seconds (process running for 5.973)
[INFO ] 2024-03-09 11:13:19.417 [main] OsProductServiceApplicationKt - Starting OsProductServiceApplicationKt using Java 17.0.9 with PID 3240 (D:\IdeaProjects\online-store\OSProductService\build\classes\kotlin\main started by Idris in D:\IdeaProjects\online-store\OSProductService)
[DEBUG] 2024-03-09 11:13:19.424 [main] OsProductServiceApplicationKt - Running with Spring Boot v3.2.3, Spring v6.1.4
[INFO ] 2024-03-09 11:13:19.425 [main] OsProductServiceApplicationKt - No active profile set, falling back to 1 default profile: "default"
[INFO ] 2024-03-09 11:13:22.623 [main] OsProductServiceApplicationKt - Started OsProductServiceApplicationKt in 3.901 seconds (process running for 5.506)
[INFO ] 2024-03-09 11:13:28.762 [http-nio-8080-exec-2] ProductController - Input, layer: Controller, requestMethod: POST, url: /{name}, method invoked: com.codergm.productservice.controller.ProductController.addProduct(), data: {"code":"someCode","productRequest":{"name":"Motorola","price":450,"quantity":35},"name":"name"}
[INFO ] 2024-03-09 11:13:28.767 [http-nio-8080-exec-2] ProductService - Input, layer: Service, requestMethod: N/A, url: N/A, method invoked: com.codergm.productservice.service.ProductService.addProduct(), data: {"productRequest":{"name":"Motorola","price":450,"quantity":35}}
[INFO ] 2024-03-09 11:13:29.637 [http-nio-8080-exec-2] ProductService - Output, layer: Service, requestMethod: N/A, url: N/A, method invoked: com.codergm.productservice.service.ProductService.addProduct(), data: 1752
[INFO ] 2024-03-09 11:13:29.638 [http-nio-8080-exec-2] ProductService - Method com.codergm.productservice.service.ProductService.addProduct() executed in 865.922200ms
[INFO ] 2024-03-09 11:13:29.645 [http-nio-8080-exec-2] ProductController - Output, layer: Controller, requestMethod: POST, url: /{name}, method invoked: com.codergm.productservice.controller.ProductController.addProduct(), data: {"headers":{},"body":1752,"statusCode":"CREATED","statusCodeValue":201}
[INFO ] 2024-03-09 11:13:29.646 [http-nio-8080-exec-2] ProductController - Method com.codergm.productservice.controller.ProductController.addProduct() executed in 874.994100ms
[INFO ] 2024-03-09 11:31:55.122 [main] OsProductServiceApplicationKt - Starting OsProductServiceApplicationKt using Java 17.0.9 with PID 9052 (D:\IdeaProjects\online-store\OSProductService\build\classes\kotlin\main started by Idris in D:\IdeaProjects\online-store\OSProductService)
[DEBUG] 2024-03-09 11:31:55.131 [main] OsProductServiceApplicationKt - Running with Spring Boot v3.2.3, Spring v6.1.4
[INFO ] 2024-03-09 11:31:55.132 [main] OsProductServiceApplicationKt - No active profile set, falling back to 1 default profile: "default"
[INFO ] 2024-03-09 11:42:42.591 [main] OsProductServiceApplicationKt - Starting OsProductServiceApplicationKt using Java 17.0.9 with PID 30940 (D:\IdeaProjects\online-store\OSProductService\build\classes\kotlin\main started by Idris in D:\IdeaProjects\online-store\OSProductService)
[DEBUG] 2024-03-09 11:42:42.602 [main] OsProductServiceApplicationKt - Running with Spring Boot v3.2.3, Spring v6.1.4
[INFO ] 2024-03-09 11:42:42.604 [main] OsProductServiceApplicationKt - No active profile set, falling back to 1 default profile: "default"
[INFO ] 2024-03-09 11:42:46.271 [main] OsProductServiceApplicationKt - Started OsProductServiceApplicationKt in 4.547 seconds (process running for 6.034)
[INFO ] 2024-03-09 11:43:21.054 [http-nio-8080-exec-2] ProductController - Input, layer: Controller, method invoked: com.codergm.productservice.controller.ProductController.addProduct(), requestMethod: POST, url: [/product/{name}], headers: [Ljava.lang.String;@6a4758e8, data: {"code":"someCode","productRequest":{"name":"Motorola","price":450,"quantity":35},"name":"name"}
[INFO ] 2024-03-09 11:43:21.073 [http-nio-8080-exec-2] ProductService - Input, layer: Service, method invoked: com.codergm.productservice.service.ProductService.addProduct(), requestMethod: N/A, url: [], headers: [Ljava.lang.String;@7fd05349, data: {"productRequest":{"name":"Motorola","price":450,"quantity":35}}
[INFO ] 2024-03-09 11:43:22.166 [http-nio-8080-exec-2] ProductService - Output, layer: Service, method invoked: com.codergm.productservice.service.ProductService.addProduct(), requestMethod: N/A, url: [], headers: [Ljava.lang.String;@7fd05349, data: 1802
[INFO ] 2024-03-09 11:43:22.167 [http-nio-8080-exec-2] ProductService - Method com.codergm.productservice.service.ProductService.addProduct() executed in 1.076113800s
[INFO ] 2024-03-09 11:43:22.208 [http-nio-8080-exec-2] ProductController - Output, layer: Controller, method invoked: com.codergm.productservice.controller.ProductController.addProduct(), requestMethod: POST, url: [/product/{name}], headers: [Ljava.lang.String;@6a4758e8, data: {"headers":{},"body":1802,"statusCodeValue":201,"statusCode":"CREATED"}
[INFO ] 2024-03-09 11:43:22.208 [http-nio-8080-exec-2] ProductController - Method com.codergm.productservice.controller.ProductController.addProduct() executed in 1.107344400s
[INFO ] 2024-03-09 11:45:31.523 [http-nio-8080-exec-5] ProductController - Input, layer: Controller, method invoked: com.codergm.productservice.controller.ProductController.addProduct(), requestMethod: POST, url: [/product/{name}], headers: [Ljava.lang.String;@6a4758e8, data: {"code":"someCode","productRequest":{"name":"Motorola","price":450,"quantity":35},"name":"name"}
[INFO ] 2024-03-09 11:45:31.527 [http-nio-8080-exec-5] ProductService - Input, layer: Service, method invoked: com.codergm.productservice.service.ProductService.addProduct(), requestMethod: N/A, url: [], headers: [Ljava.lang.String;@f78b578, data: {"productRequest":{"name":"Motorola","price":450,"quantity":35}}
[INFO ] 2024-03-09 11:45:32.210 [http-nio-8080-exec-5] ProductService - Output, layer: Service, method invoked: com.codergm.productservice.service.ProductService.addProduct(), requestMethod: N/A, url: [], headers: [Ljava.lang.String;@f78b578, data: 1803
[INFO ] 2024-03-09 11:45:32.210 [http-nio-8080-exec-5] ProductService - Method com.codergm.productservice.service.ProductService.addProduct() executed in 681.253400ms
[INFO ] 2024-03-09 11:45:32.234 [http-nio-8080-exec-5] ProductController - Output, layer: Controller, method invoked: com.codergm.productservice.controller.ProductController.addProduct(), requestMethod: POST, url: [/product/{name}], headers: [Ljava.lang.String;@6a4758e8, data: {"headers":{},"body":1803,"statusCodeValue":201,"statusCode":"CREATED"}
[INFO ] 2024-03-09 11:45:32.234 [http-nio-8080-exec-5] ProductController - Method com.codergm.productservice.controller.ProductController.addProduct() executed in 686.335900ms
[INFO ] 2024-03-09 11:53:22.904 [main] OsProductServiceApplicationKt - Starting OsProductServiceApplicationKt using Java 17.0.9 with PID 22664 (D:\IdeaProjects\online-store\OSProductService\build\classes\kotlin\main started by Idris in D:\IdeaProjects\online-store\OSProductService)
[DEBUG] 2024-03-09 11:53:22.914 [main] OsProductServiceApplicationKt - Running with Spring Boot v3.2.3, Spring v6.1.4
[INFO ] 2024-03-09 11:53:22.916 [main] OsProductServiceApplicationKt - No active profile set, falling back to 1 default profile: "default"
[INFO ] 2024-03-09 11:53:26.316 [main] OsProductServiceApplicationKt - Started OsProductServiceApplicationKt in 4.259 seconds (process running for 5.821)
[INFO ] 2024-03-09 11:54:07.102 [http-nio-8080-exec-2] ProductController - Input, layer: Controller, method invoked: com.codergm.productservice.controller.ProductController.addProduct(), requestMethod: POST, urls: [/product/{name}], headers: [testheader:Test HEader value, content-type:application/json, user-agent:PostmanRuntime/7.36.0, accept:*/*, postman-token:b5dd5dff-767c-4c9e-9b38-17d6269da703, host:localhost:8080, accept-encoding:gzip, deflate, br, connection:keep-alive, content-length:67], data: {"code":"someCode","productRequest":{"name":"Motorola","price":450,"quantity":35},"name":"name"}
[INFO ] 2024-03-09 11:54:07.122 [http-nio-8080-exec-2] ProductService - Input, layer: Service, method invoked: com.codergm.productservice.service.ProductService.addProduct(), requestMethod: N/A, urls: [], headers: [], data: {"productRequest":{"name":"Motorola","price":450,"quantity":35}}
[INFO ] 2024-03-09 11:54:07.405 [http-nio-8080-exec-2] ProductService - Output, layer: Service, method invoked: com.codergm.productservice.service.ProductService.addProduct(), requestMethod: N/A, urls: [], headers: [], data: 1852
[INFO ] 2024-03-09 11:54:07.406 [http-nio-8080-exec-2] ProductService - Method com.codergm.productservice.service.ProductService.addProduct() executed in 266.390800ms
[INFO ] 2024-03-09 11:54:07.446 [http-nio-8080-exec-2] ProductController - Output, layer: Controller, method invoked: com.codergm.productservice.controller.ProductController.addProduct(), requestMethod: POST, urls: [/product/{name}], headers: [testheader:Test HEader value, content-type:application/json, user-agent:PostmanRuntime/7.36.0, accept:*/*, postman-token:b5dd5dff-767c-4c9e-9b38-17d6269da703, host:localhost:8080, accept-encoding:gzip, deflate, br, connection:keep-alive, content-length:67], data: {"headers":{},"body":1852,"statusCode":"CREATED","statusCodeValue":201}
[INFO ] 2024-03-09 11:54:07.446 [http-nio-8080-exec-2] ProductController - Method com.codergm.productservice.controller.ProductController.addProduct() executed in 297.883200ms
[INFO ] 2024-03-09 11:55:49.569 [main] OsProductServiceApplicationKt - Starting OsProductServiceApplicationKt using Java 17.0.9 with PID 26384 (D:\IdeaProjects\online-store\OSProductService\build\classes\kotlin\main started by Idris in D:\IdeaProjects\online-store\OSProductService)
[DEBUG] 2024-03-09 11:55:49.574 [main] OsProductServiceApplicationKt - Running with Spring Boot v3.2.3, Spring v6.1.4
[INFO ] 2024-03-09 11:55:49.576 [main] OsProductServiceApplicationKt - No active profile set, falling back to 1 default profile: "default"
[INFO ] 2024-03-09 11:55:52.970 [main] OsProductServiceApplicationKt - Started OsProductServiceApplicationKt in 4.246 seconds (process running for 5.757)
[INFO ] 2024-03-09 11:56:14.467 [http-nio-8080-exec-2] ProductController - Input, layer: Controller, method invoked: com.codergm.productservice.controller.ProductController.getProductById(), requestMethod: GET, urls: [/product/{id}/{name}], data: {"code":"SomeCode","name":"fsd","id":2}, headers: [user-agent:PostmanRuntime/7.36.0, accept:*/*, postman-token:5e95b84c-2479-438e-8f74-115aac8d7cac, host:localhost:8080, accept-encoding:gzip, deflate, br, connection:keep-alive]
[INFO ] 2024-03-09 11:56:14.483 [http-nio-8080-exec-2] ProductService - Input, layer: Service, method invoked: com.codergm.productservice.service.ProductService.getProductById(), requestMethod: N/A, urls: [], data: {"id":2}, headers: []
[INFO ] 2024-03-09 11:56:15.009 [http-nio-8080-exec-2] ProductService - Output, layer: Service, method invoked: com.codergm.productservice.service.ProductService.getProductById(), requestMethod: N/A, urls: [], data: {"productName":"MacBook","productId":2,"quantity":10,"price":2000}
[INFO ] 2024-03-09 11:56:15.010 [http-nio-8080-exec-2] ProductService - Method com.codergm.productservice.service.ProductService.getProductById() executed in 422.603900ms
[INFO ] 2024-03-09 11:56:15.061 [http-nio-8080-exec-2] ProductController - Output, layer: Controller, method invoked: com.codergm.productservice.controller.ProductController.getProductById(), requestMethod: GET, urls: [/product/{id}/{name}], data: {"headers":{},"body":{"productName":"MacBook","productId":2,"quantity":10,"price":2000},"statusCode":"OK","statusCodeValue":200}
[INFO ] 2024-03-09 11:56:15.062 [http-nio-8080-exec-2] ProductController - Method com.codergm.productservice.controller.ProductController.getProductById() executed in 543.990900ms
[INFO ] 2024-03-09 12:01:39.335 [main] OsProductServiceApplicationKt - Starting OsProductServiceApplicationKt using Java 17.0.9 with PID 24024 (D:\IdeaProjects\online-store\OSProductService\build\classes\kotlin\main started by Idris in D:\IdeaProjects\online-store\OSProductService)
[DEBUG] 2024-03-09 12:01:39.343 [main] OsProductServiceApplicationKt - Running with Spring Boot v3.2.3, Spring v6.1.4
[INFO ] 2024-03-09 12:01:39.345 [main] OsProductServiceApplicationKt - No active profile set, falling back to 1 default profile: "default"
[INFO ] 2024-03-09 12:01:42.837 [main] OsProductServiceApplicationKt - Started OsProductServiceApplicationKt in 4.3 seconds (process running for 5.969)
[INFO ] 2024-03-09 12:03:56.172 [main] OsProductServiceApplicationKt - Starting OsProductServiceApplicationKt using Java 17.0.9 with PID 10872 (D:\IdeaProjects\online-store\OSProductService\build\classes\kotlin\main started by Idris in D:\IdeaProjects\online-store\OSProductService)
[DEBUG] 2024-03-09 12:03:56.179 [main] OsProductServiceApplicationKt - Running with Spring Boot v3.2.3, Spring v6.1.4
[INFO ] 2024-03-09 12:03:56.180 [main] OsProductServiceApplicationKt - No active profile set, falling back to 1 default profile: "default"
[INFO ] 2024-03-09 12:03:59.404 [main] OsProductServiceApplicationKt - Started OsProductServiceApplicationKt in 3.904 seconds (process running for 5.689)
[INFO ] 2024-03-09 12:04:08.041 [http-nio-8080-exec-1] ProductController - Input, layer: Controller, method invoked: com.codergm.productservice.controller.ProductController.getProductById(), requestMethod: GET, urls: [/{id}], data: {"id":2}, headers: [user-agent:PostmanRuntime/7.36.0, accept:*/*, postman-token:b4bef164-e794-47a3-a50b-0ad3e1e5229e, host:localhost:8080, accept-encoding:gzip, deflate, br, connection:keep-alive]
[INFO ] 2024-03-09 12:04:08.055 [http-nio-8080-exec-1] ProductService - Input, layer: Service, method invoked: com.codergm.productservice.service.ProductService.getProductById(), requestMethod: N/A, urls: [], data: {"id":2}, headers: []
[INFO ] 2024-03-09 12:04:08.459 [http-nio-8080-exec-1] ProductService - Output, layer: Service, method invoked: com.codergm.productservice.service.ProductService.getProductById(), requestMethod: N/A, urls: [], data: {"productName":"MacBook","productId":2,"quantity":10,"price":2000}
[INFO ] 2024-03-09 12:04:08.461 [http-nio-8080-exec-1] ProductService - Method com.codergm.productservice.service.ProductService.getProductById() executed in 318.103ms
[INFO ] 2024-03-09 12:04:08.508 [http-nio-8080-exec-1] ProductController - Output, layer: Controller, method invoked: com.codergm.productservice.controller.ProductController.getProductById(), requestMethod: GET, urls: [/{id}], data: {"headers":{},"body":{"productName":"MacBook","productId":2,"quantity":10,"price":2000},"statusCode":"OK","statusCodeValue":200}
[INFO ] 2024-03-09 12:04:08.508 [http-nio-8080-exec-1] ProductController - Method com.codergm.productservice.controller.ProductController.getProductById() executed in 420.040400ms
[INFO ] 2024-03-09 12:04:46.254 [main] OsProductServiceApplicationKt - Starting OsProductServiceApplicationKt using Java 17.0.9 with PID 22812 (D:\IdeaProjects\online-store\OSProductService\build\classes\kotlin\main started by Idris in D:\IdeaProjects\online-store\OSProductService)
[DEBUG] 2024-03-09 12:04:46.259 [main] OsProductServiceApplicationKt - Running with Spring Boot v3.2.3, Spring v6.1.4
[INFO ] 2024-03-09 12:04:46.261 [main] OsProductServiceApplicationKt - No active profile set, falling back to 1 default profile: "default"
[INFO ] 2024-03-09 12:04:49.411 [main] OsProductServiceApplicationKt - Started OsProductServiceApplicationKt in 3.809 seconds (process running for 5.553)
[INFO ] 2024-03-09 12:06:07.809 [main] OsProductServiceApplicationKt - Starting OsProductServiceApplicationKt using Java 17.0.9 with PID 188 (D:\IdeaProjects\online-store\OSProductService\build\classes\kotlin\main started by Idris in D:\IdeaProjects\online-store\OSProductService)
[DEBUG] 2024-03-09 12:06:07.816 [main] OsProductServiceApplicationKt - Running with Spring Boot v3.2.3, Spring v6.1.4
[INFO ] 2024-03-09 12:06:07.818 [main] OsProductServiceApplicationKt - No active profile set, falling back to 1 default profile: "default"
[INFO ] 2024-03-09 12:06:10.993 [main] OsProductServiceApplicationKt - Started OsProductServiceApplicationKt in 3.873 seconds (process running for 5.634)
[INFO ] 2024-03-09 12:06:22.193 [http-nio-8080-exec-1] ProductController - Input, layer: Controller, method invoked: com.codergm.productservice.controller.ProductController.getProductById(), requestMethod: GET, urls: [/{id}], data: {"id":2}, headers: [user-agent:PostmanRuntime/7.36.0, accept:*/*, postman-token:1eaeb908-55ec-4f04-b8a2-c5f56a856cd8, host:localhost:8080, accept-encoding:gzip, deflate, br, connection:keep-alive]
[INFO ] 2024-03-09 12:06:22.207 [http-nio-8080-exec-1] ProductService - Input, layer: Service, method invoked: com.codergm.productservice.service.ProductService.getProductById(), requestMethod: N/A, urls: [], data: {"id":2}, headers: []
[INFO ] 2024-03-09 12:06:22.620 [http-nio-8080-exec-1] ProductService - Output, layer: Service, method invoked: com.codergm.productservice.service.ProductService.getProductById(), requestMethod: N/A, urls: [], data: {"productName":"MacBook","productId":2,"quantity":10,"price":2000}
[INFO ] 2024-03-09 12:06:22.621 [http-nio-8080-exec-1] ProductService - Method com.codergm.productservice.service.ProductService.getProductById() executed in 313.403100ms
[INFO ] 2024-03-09 12:06:22.671 [http-nio-8080-exec-1] ProductController - Output, layer: Controller, method invoked: com.codergm.productservice.controller.ProductController.getProductById(), requestMethod: GET, urls: [/{id}], data: {"headers":{},"body":{"productName":"MacBook","productId":2,"quantity":10,"price":2000},"statusCodeValue":200,"statusCode":"OK"}
[INFO ] 2024-03-09 12:06:22.671 [http-nio-8080-exec-1] ProductController - Method com.codergm.productservice.controller.ProductController.getProductById() executed in 428.66ms
[INFO ] 2024-03-09 12:06:48.814 [main] OsProductServiceApplicationKt - Starting OsProductServiceApplicationKt using Java 17.0.9 with PID 26744 (D:\IdeaProjects\online-store\OSProductService\build\classes\kotlin\main started by Idris in D:\IdeaProjects\online-store\OSProductService)
[DEBUG] 2024-03-09 12:06:48.820 [main] OsProductServiceApplicationKt - Running with Spring Boot v3.2.3, Spring v6.1.4
[INFO ] 2024-03-09 12:06:48.822 [main] OsProductServiceApplicationKt - No active profile set, falling back to 1 default profile: "default"
[INFO ] 2024-03-09 12:06:52.221 [main] OsProductServiceApplicationKt - Started OsProductServiceApplicationKt in 3.936 seconds (process running for 5.529)
[INFO ] 2024-03-09 12:06:58.904 [main] OsProductServiceApplicationKt - Starting OsProductServiceApplicationKt using Java 17.0.9 with PID 30580 (D:\IdeaProjects\online-store\OSProductService\build\classes\kotlin\main started by Idris in D:\IdeaProjects\online-store\OSProductService)
[DEBUG] 2024-03-09 12:06:58.909 [main] OsProductServiceApplicationKt - Running with Spring Boot v3.2.3, Spring v6.1.4
[INFO ] 2024-03-09 12:06:58.910 [main] OsProductServiceApplicationKt - No active profile set, falling back to 1 default profile: "default"
[INFO ] 2024-03-09 12:07:02.188 [main] OsProductServiceApplicationKt - Started OsProductServiceApplicationKt in 3.773 seconds (process running for 5.375)
[INFO ] 2024-03-09 12:07:40.375 [http-nio-8080-exec-2] ProductController - Input, layer: Controller, method invoked: com.codergm.productservice.controller.ProductController.addProduct(), requestMethod: POST, urls: [], data: {"productRequest":{"name":"Motorola","price":450,"quantity":35}}, headers: [testheader:Test HEader value, content-type:application/json, user-agent:PostmanRuntime/7.36.0, accept:*/*, postman-token:99588807-9669-40a6-ba0c-80c02e1103d9, host:localhost:8080, accept-encoding:gzip, deflate, br, connection:keep-alive, content-length:67]
[INFO ] 2024-03-09 12:07:40.397 [http-nio-8080-exec-2] ProductService - Input, layer: Service, method invoked: com.codergm.productservice.service.ProductService.addProduct(), requestMethod: N/A, urls: [], data: {"productRequest":{"name":"Motorola","price":450,"quantity":35}}, headers: []
[INFO ] 2024-03-09 12:07:40.680 [http-nio-8080-exec-2] ProductService - Output, layer: Service, method invoked: com.codergm.productservice.service.ProductService.addProduct(), requestMethod: N/A, urls: [], data: 1902
[INFO ] 2024-03-09 12:07:40.681 [http-nio-8080-exec-2] ProductService - Method com.codergm.productservice.service.ProductService.addProduct() executed in 266.906300ms
[INFO ] 2024-03-09 12:07:40.719 [http-nio-8080-exec-2] ProductController - Output, layer: Controller, method invoked: com.codergm.productservice.controller.ProductController.addProduct(), requestMethod: POST, urls: [], data: {"headers":{},"body":1902,"statusCode":"CREATED","statusCodeValue":201}
[INFO ] 2024-03-09 12:07:40.720 [http-nio-8080-exec-2] ProductController - Method com.codergm.productservice.controller.ProductController.addProduct() executed in 298.713500ms
[INFO ] 2024-03-09 12:09:37.696 [http-nio-8080-exec-4] ProductController - Input, layer: Controller, method invoked: com.codergm.productservice.controller.ProductController.getProductById(), requestMethod: GET, urls: [/product/{id}], data: {"id":2}, headers: [user-agent:PostmanRuntime/7.36.0, accept:*/*, postman-token:abbfb696-82f5-4b94-ab3b-2c6e15128cdb, host:localhost:8080, accept-encoding:gzip, deflate, br, connection:keep-alive]
[INFO ] 2024-03-09 12:09:37.699 [http-nio-8080-exec-4] ProductService - Input, layer: Service, method invoked: com.codergm.productservice.service.ProductService.getProductById(), requestMethod: N/A, urls: [], data: {"id":2}, headers: []
[INFO ] 2024-03-09 12:09:37.883 [http-nio-8080-exec-4] ProductService - Output, layer: Service, method invoked: com.codergm.productservice.service.ProductService.getProductById(), requestMethod: N/A, urls: [], data: {"productName":"MacBook","productId":2,"quantity":10,"price":2000}
[INFO ] 2024-03-09 12:09:37.883 [http-nio-8080-exec-4] ProductService - Method com.codergm.productservice.service.ProductService.getProductById() executed in 182.118700ms
[INFO ] 2024-03-09 12:09:37.906 [http-nio-8080-exec-4] ProductController - Output, layer: Controller, method invoked: com.codergm.productservice.controller.ProductController.getProductById(), requestMethod: GET, urls: [/product/{id}], data: {"headers":{},"body":{"productName":"MacBook","productId":2,"quantity":10,"price":2000},"statusCode":"OK","statusCodeValue":200}
[INFO ] 2024-03-09 12:09:37.906 [http-nio-8080-exec-4] ProductController - Method com.codergm.productservice.controller.ProductController.getProductById() executed in 187.624400ms
[INFO ] 2024-03-09 12:11:27.986 [main] OsProductServiceApplicationKt - Starting OsProductServiceApplicationKt using Java 17.0.9 with PID 30796 (D:\IdeaProjects\online-store\OSProductService\build\classes\kotlin\main started by Idris in D:\IdeaProjects\online-store\OSProductService)
[DEBUG] 2024-03-09 12:11:27.992 [main] OsProductServiceApplicationKt - Running with Spring Boot v3.2.3, Spring v6.1.4
[INFO ] 2024-03-09 12:11:27.993 [main] OsProductServiceApplicationKt - No active profile set, falling back to 1 default profile: "default"
[INFO ] 2024-03-09 12:11:31.281 [main] OsProductServiceApplicationKt - Started OsProductServiceApplicationKt in 4.054 seconds (process running for 5.672)
[INFO ] 2024-03-09 12:11:38.715 [http-nio-8080-exec-2] ProductController - Input, layer: Controller, method invoked: com.codergm.productservice.controller.ProductController.getProductById(), requestMethod: GET, urls: [/product/{id}], data: {"id":2}, headers: [user-agent:PostmanRuntime/7.36.0, accept:*/*, postman-token:85fb7afe-d8a2-4ab6-bccb-a38c16109462, host:localhost:8080, accept-encoding:gzip, deflate, br, connection:keep-alive]
[INFO ] 2024-03-09 12:11:38.718 [http-nio-8080-exec-2] ProductService - Input, layer: Service, method invoked: com.codergm.productservice.service.ProductService.getProductById(), requestMethod: N/A, urls: [], data: {"id":2}, headers: []
[INFO ] 2024-03-09 12:11:38.807 [http-nio-8080-exec-2] ProductService - Output, layer: Service, method invoked: com.codergm.productservice.service.ProductService.getProductById(), requestMethod: N/A, urls: [], data: {"productName":"MacBook","productId":2,"quantity":10,"price":2000}
[INFO ] 2024-03-09 12:11:38.808 [http-nio-8080-exec-2] ProductService - Method com.codergm.productservice.service.ProductService.getProductById() executed in 51.401800ms
[INFO ] 2024-03-09 12:11:38.817 [http-nio-8080-exec-2] ProductController - Output, layer: Controller, method invoked: com.codergm.productservice.controller.ProductController.getProductById(), requestMethod: GET, urls: [/product/{id}], data: {"headers":{},"body":{"productName":"MacBook","productId":2,"quantity":10,"price":2000},"statusCode":"OK","statusCodeValue":200}
[INFO ] 2024-03-09 12:11:38.817 [http-nio-8080-exec-2] ProductController - Method com.codergm.productservice.controller.ProductController.getProductById() executed in 94.027ms
[INFO ] 2024-03-09 12:11:57.390 [http-nio-8080-exec-3] ProductController - Input, layer: Controller, method invoked: com.codergm.productservice.controller.ProductController.addProduct(), requestMethod: POST, urls: [/product], data: {"productRequest":{"name":"Motorola","price":450,"quantity":35}}, headers: [testheader:Test HEader value, content-type:application/json, user-agent:PostmanRuntime/7.36.0, accept:*/*, postman-token:0d4b96f0-531e-4b4c-9788-615957523eff, host:localhost:8080, accept-encoding:gzip, deflate, br, connection:keep-alive, content-length:67]
[INFO ] 2024-03-09 12:11:57.398 [http-nio-8080-exec-3] ProductService - Input, layer: Service, method invoked: com.codergm.productservice.service.ProductService.addProduct(), requestMethod: N/A, urls: [], data: {"productRequest":{"name":"Motorola","price":450,"quantity":35}}, headers: []
[INFO ] 2024-03-09 12:11:57.579 [http-nio-8080-exec-3] ProductService - Output, layer: Service, method invoked: com.codergm.productservice.service.ProductService.addProduct(), requestMethod: N/A, urls: [], data: 1952
[INFO ] 2024-03-09 12:11:57.579 [http-nio-8080-exec-3] ProductService - Method com.codergm.productservice.service.ProductService.addProduct() executed in 178.529900ms
[INFO ] 2024-03-09 12:11:57.612 [http-nio-8080-exec-3] ProductController - Output, layer: Controller, method invoked: com.codergm.productservice.controller.ProductController.addProduct(), requestMethod: POST, urls: [/product], data: {"headers":{},"body":1952,"statusCode":"CREATED","statusCodeValue":201}
[INFO ] 2024-03-09 12:11:57.613 [http-nio-8080-exec-3] ProductController - Method com.codergm.productservice.controller.ProductController.addProduct() executed in 187.872900ms
[INFO ] 2024-03-09 12:20:15.425 [main] OsProductServiceApplicationKt - Starting OsProductServiceApplicationKt using Java 17.0.9 with PID 2992 (D:\IdeaProjects\online-store\OSProductService\build\classes\kotlin\main started by Idris in D:\IdeaProjects\online-store\OSProductService)
[DEBUG] 2024-03-09 12:20:15.433 [main] OsProductServiceApplicationKt - Running with Spring Boot v3.2.3, Spring v6.1.4
[INFO ] 2024-03-09 12:20:15.434 [main] OsProductServiceApplicationKt - No active profile set, falling back to 1 default profile: "default"
[INFO ] 2024-03-09 12:20:18.633 [main] OsProductServiceApplicationKt - Started OsProductServiceApplicationKt in 3.96 seconds (process running for 5.679)
[INFO ] 2024-03-09 12:20:39.555 [http-nio-8080-exec-2] ProductController - Input, layer: Controller, method invoked: com.codergm.productservice.controller.ProductController.addProduct(), requestMethod: POST, urls: [/product], data: {"productRequest":{"name":"Motorola","price":450,"quantity":35}}, headers: [testheader:Test HEader value, content-type:application/json, user-agent:PostmanRuntime/7.36.0, accept:*/*, postman-token:77deead0-c066-48b5-8b0a-0b38cd4bf082, host:localhost:8080, accept-encoding:gzip, deflate, br, connection:keep-alive, content-length:67]
[INFO ] 2024-03-09 12:20:39.575 [http-nio-8080-exec-2] ProductService - Input, layer: Service, method invoked: com.codergm.productservice.service.ProductService.addProduct(), requestMethod: N/A, urls: [], data: {"productRequest":{"name":"Motorola","price":450,"quantity":35}}, headers: []
[INFO ] 2024-03-09 12:20:39.858 [http-nio-8080-exec-2] ProductService - Output, layer: Service, method invoked: com.codergm.productservice.service.ProductService.addProduct(), requestMethod: N/A, urls: [], data: 2002
[INFO ] 2024-03-09 12:20:39.859 [http-nio-8080-exec-2] ProductService - Method com.codergm.productservice.service.ProductService.addProduct() executed in 266.907900ms
[INFO ] 2024-03-09 12:20:39.898 [http-nio-8080-exec-2] ProductController - Output, layer: Controller, method invoked: com.codergm.productservice.controller.ProductController.addProduct(), requestMethod: POST, urls: [/product], data: {"headers":{},"body":2002,"statusCode":"CREATED","statusCodeValue":201}
[INFO ] 2024-03-09 12:20:39.899 [http-nio-8080-exec-2] ProductController - Method com.codergm.productservice.controller.ProductController.addProduct() executed in 297.713100ms
[INFO ] 2024-03-09 12:21:17.974 [http-nio-8080-exec-3] ProductController - Input, layer: Controller, method invoked: com.codergm.productservice.controller.ProductController.getProductById(), requestMethod: GET, urls: [/product/{id}], data: {"id":2}, headers: [user-agent:PostmanRuntime/7.36.0, accept:*/*, postman-token:7f30bb05-73be-451f-aa26-465396cc1c4b, host:localhost:8080, accept-encoding:gzip, deflate, br, connection:keep-alive]
[INFO ] 2024-03-09 12:21:17.976 [http-nio-8080-exec-3] ProductService - Input, layer: Service, method invoked: com.codergm.productservice.service.ProductService.getProductById(), requestMethod: N/A, urls: [], data: {"id":2}, headers: []
[INFO ] 2024-03-09 12:21:18.161 [http-nio-8080-exec-3] ProductService - Output, layer: Service, method invoked: com.codergm.productservice.service.ProductService.getProductById(), requestMethod: N/A, urls: [], data: {"productName":"MacBook","productId":2,"quantity":10,"price":2000}
[INFO ] 2024-03-09 12:21:18.161 [http-nio-8080-exec-3] ProductService - Method com.codergm.productservice.service.ProductService.getProductById() executed in 181.954300ms
[INFO ] 2024-03-09 12:21:18.184 [http-nio-8080-exec-3] ProductController - Output, layer: Controller, method invoked: com.codergm.productservice.controller.ProductController.getProductById(), requestMethod: GET, urls: [/product/{id}], data: {"headers":{},"body":{"productName":"MacBook","productId":2,"quantity":10,"price":2000},"statusCode":"OK","statusCodeValue":200}
[INFO ] 2024-03-09 12:21:18.184 [http-nio-8080-exec-3] ProductController - Method com.codergm.productservice.controller.ProductController.getProductById() executed in 187.715200ms
