[INFO ] 2024-03-07 22:40:31.929 [http-nio-8080-exec-1] ProductController - Input, layer: Controller, requestMethod: GET, url: /{id}  method invoked: com.codergm.productservice.controller.ProductController.getProductById(), data: {"id":2}
[INFO ] 2024-03-07 22:40:31.931 [http-nio-8080-exec-1] ProductService - Input, layer: Service, requestMethod: N/A, url: N/A  method invoked: com.codergm.productservice.service.ProductService.getProductById(), data: {"id":2}
[INFO ] 2024-03-07 22:40:32.004 [http-nio-8080-exec-1] ProductService - Output, layer: Service, requestMethod: N/A, url: N/A  method invoked: com.codergm.productservice.service.ProductService.getProductById(), data: {"productName":"MacBook","productId":2,"quantity":10,"price":2000}
[INFO ] 2024-03-07 22:40:32.013 [http-nio-8080-exec-1] ProductController - Output, layer: Controller, requestMethod: GET, url: /{id}  method invoked: com.codergm.productservice.controller.ProductController.getProductById(), data: {"headers":{},"body":{"productName":"MacBook","productId":2,"quantity":10,"price":2000},"statusCode":"OK","statusCodeValue":200}
[INFO ] 2024-03-09 09:28:35.379 [main] OsProductServiceApplicationKt - Starting OsProductServiceApplicationKt using Java 17.0.9 with PID 19108 (D:\IdeaProjects\online-store\OSProductService\build\classes\kotlin\main started by Idris in D:\IdeaProjects\online-store\OSProductService)
[DEBUG] 2024-03-09 09:28:35.416 [main] OsProductServiceApplicationKt - Running with Spring Boot v3.2.3, Spring v6.1.4
[INFO ] 2024-03-09 09:28:35.417 [main] OsProductServiceApplicationKt - No active profile set, falling back to 1 default profile: "default"
[INFO ] 2024-03-09 09:28:39.114 [main] OsProductServiceApplicationKt - Started OsProductServiceApplicationKt in 4.813 seconds (process running for 6.435)
[INFO ] 2024-03-09 09:29:10.450 [http-nio-8080-exec-1] ProductController - Input, layer: Controller, requestMethod: GET, url: /{id}  method invoked: com.codergm.productservice.controller.ProductController.getProductById(), data: {"id":2}
[INFO ] 2024-03-09 09:29:41.513 [http-nio-8080-exec-1] ProductService - Input, layer: Controller, requestMethod: N/A, url: N/A  method invoked: com.codergm.productservice.service.ProductService.getProductById(), data: {"id":2}
[INFO ] 2024-03-09 09:29:50.634 [http-nio-8080-exec-1] ProductService - Output, layer: Controller, requestMethod: N/A, url: N/A  method invoked: com.codergm.productservice.service.ProductService.getProductById(), data: {"productName":"MacBook","productId":2,"quantity":10,"price":2000}
[INFO ] 2024-03-09 09:29:52.659 [http-nio-8080-exec-1] ProductController - Output, layer: Controller, requestMethod: GET, url: /{id}  method invoked: com.codergm.productservice.controller.ProductController.getProductById(), data: {"headers":{},"body":{"productName":"MacBook","productId":2,"quantity":10,"price":2000},"statusCode":"OK","statusCodeValue":200}
[INFO ] 2024-03-09 09:32:45.993 [http-nio-8080-exec-5] ProductController - Input, layer: Controller, requestMethod: POST, url:   method invoked: com.codergm.productservice.controller.ProductController.addProduct(), data: {"productRequest":{"name":"Motorola","price":450,"quantity":35}}
[INFO ] 2024-03-09 09:32:46.584 [http-nio-8080-exec-5] ProductService - Input, layer: Controller, requestMethod: N/A, url: N/A  method invoked: com.codergm.productservice.service.ProductService.addProduct(), data: {"productRequest":{"name":"Motorola","price":450,"quantity":35}}
[INFO ] 2024-03-09 09:32:46.723 [http-nio-8080-exec-5] ProductService - Output, layer: Controller, requestMethod: N/A, url: N/A  method invoked: com.codergm.productservice.service.ProductService.addProduct(), data: 1552
[INFO ] 2024-03-09 09:32:46.724 [http-nio-8080-exec-5] ProductController - Output, layer: Controller, requestMethod: POST, url:   method invoked: com.codergm.productservice.controller.ProductController.addProduct(), data: {"headers":{},"body":1552,"statusCode":"CREATED","statusCodeValue":201}
[INFO ] 2024-03-09 09:54:41.973 [main] OsProductServiceApplicationKt - Starting OsProductServiceApplicationKt using Java 17.0.9 with PID 29856 (D:\IdeaProjects\online-store\OSProductService\build\classes\kotlin\main started by Idris in D:\IdeaProjects\online-store\OSProductService)
[DEBUG] 2024-03-09 09:54:41.980 [main] OsProductServiceApplicationKt - Running with Spring Boot v3.2.3, Spring v6.1.4
[INFO ] 2024-03-09 09:54:41.981 [main] OsProductServiceApplicationKt - No active profile set, falling back to 1 default profile: "default"
[INFO ] 2024-03-09 09:54:44.875 [main] OsProductServiceApplicationKt - Started OsProductServiceApplicationKt in 3.77 seconds (process running for 5.108)
[INFO ] 2024-03-09 09:54:54.610 [http-nio-8080-exec-2] ProductController - Input, layer: Controller, requestMethod: GET, url: /{id}  method invoked: com.codergm.productservice.controller.ProductController.getProductById(), data: {"id":2}
[INFO ] 2024-03-09 09:54:54.611 [http-nio-8080-exec-2] ProductService - Input, layer: Service, requestMethod: N/A, url: N/A  method invoked: com.codergm.productservice.service.ProductService.getProductById(), data: {"id":2}
[INFO ] 2024-03-09 09:54:54.674 [http-nio-8080-exec-2] ProductService - Output, layer: Service, requestMethod: N/A, url: N/A  method invoked: com.codergm.productservice.service.ProductService.getProductById(), data: {"productName":"MacBook","productId":2,"quantity":10,"price":2000}
[INFO ] 2024-03-09 09:54:54.683 [http-nio-8080-exec-2] ProductController - Output, layer: Controller, requestMethod: GET, url: /{id}  method invoked: com.codergm.productservice.controller.ProductController.getProductById(), data: {"headers":{},"body":{"productName":"MacBook","productId":2,"quantity":10,"price":2000},"statusCode":"OK","statusCodeValue":200}
[INFO ] 2024-03-09 09:55:29.354 [main] OsProductServiceApplicationKt - Starting OsProductServiceApplicationKt using Java 17.0.9 with PID 17712 (D:\IdeaProjects\online-store\OSProductService\build\classes\kotlin\main started by Idris in D:\IdeaProjects\online-store\OSProductService)
[DEBUG] 2024-03-09 09:55:29.360 [main] OsProductServiceApplicationKt - Running with Spring Boot v3.2.3, Spring v6.1.4
[INFO ] 2024-03-09 09:55:29.361 [main] OsProductServiceApplicationKt - No active profile set, falling back to 1 default profile: "default"
[INFO ] 2024-03-09 09:55:32.715 [main] OsProductServiceApplicationKt - Started OsProductServiceApplicationKt in 3.764 seconds (process running for 4.583)
[INFO ] 2024-03-09 09:56:15.584 [http-nio-8080-exec-2] ProductController - Input, layer: Controller, requestMethod: GET, url: /{id}  method invoked: com.codergm.productservice.controller.ProductController.getProductById(), data: {"id":2}
[INFO ] 2024-03-09 09:56:15.586 [http-nio-8080-exec-2] ProductService - Input, layer: Service, requestMethod: N/A, url: N/A  method invoked: com.codergm.productservice.service.ProductService.getProductById(), data: {"id":2}
[INFO ] 2024-03-09 09:56:15.666 [http-nio-8080-exec-2] ProductService - Output, layer: Service, requestMethod: N/A, url: N/A  method invoked: com.codergm.productservice.service.ProductService.getProductById(), data: {"productName":"MacBook","productId":2,"quantity":10,"price":2000}
[INFO ] 2024-03-09 09:56:15.676 [http-nio-8080-exec-2] ProductController - Output, layer: Controller, requestMethod: GET, url: /{id}  method invoked: com.codergm.productservice.controller.ProductController.getProductById(), data: {"headers":{},"body":{"productName":"MacBook","productId":2,"quantity":10,"price":2000},"statusCode":"OK","statusCodeValue":200}
[INFO ] 2024-03-09 09:57:21.579 [main] OsProductServiceApplicationKt - Starting OsProductServiceApplicationKt using Java 17.0.9 with PID 4844 (D:\IdeaProjects\online-store\OSProductService\build\classes\kotlin\main started by Idris in D:\IdeaProjects\online-store\OSProductService)
[DEBUG] 2024-03-09 09:57:21.585 [main] OsProductServiceApplicationKt - Running with Spring Boot v3.2.3, Spring v6.1.4
[INFO ] 2024-03-09 09:57:21.586 [main] OsProductServiceApplicationKt - No active profile set, falling back to 1 default profile: "default"
[INFO ] 2024-03-09 09:57:24.817 [main] OsProductServiceApplicationKt - Started OsProductServiceApplicationKt in 3.891 seconds (process running for 5.625)
[INFO ] 2024-03-09 09:57:33.839 [http-nio-8080-exec-2] ProductController - Input, layer: Controller, requestMethod: GET, url: /{id}  method invoked: com.codergm.productservice.controller.ProductController.getProductById(), data: {"id":2}
[INFO ] 2024-03-09 09:57:39.958 [http-nio-8080-exec-2] ProductService - Input, layer: Service, requestMethod: N/A, url: N/A  method invoked: com.codergm.productservice.service.ProductService.getProductById(), data: {"id":2}
[INFO ] 2024-03-09 09:57:49.334 [http-nio-8080-exec-2] ProductService - Output, layer: Service, requestMethod: N/A, url: N/A  method invoked: com.codergm.productservice.service.ProductService.getProductById(), data: {"productName":"MacBook","productId":2,"quantity":10,"price":2000}
[INFO ] 2024-03-09 09:57:51.377 [http-nio-8080-exec-2] ProductController - Output, layer: Controller, requestMethod: GET, url: /{id}  method invoked: com.codergm.productservice.controller.ProductController.getProductById(), data: {"headers":{},"body":{"productName":"MacBook","productId":2,"quantity":10,"price":2000},"statusCode":"OK","statusCodeValue":200}
[INFO ] 2024-03-09 09:57:57.142 [http-nio-8080-exec-2] ProductController - method com.codergm.productservice.controller.ProductController.getProductById() executed in 15.380621300s
[INFO ] 2024-03-09 09:58:23.274 [http-nio-8080-exec-3] ProductController - Input, layer: Controller, requestMethod: GET, url: /{id}  method invoked: com.codergm.productservice.controller.ProductController.getProductById(), data: {"id":2}
[INFO ] 2024-03-09 09:58:23.275 [http-nio-8080-exec-3] ProductService - Input, layer: Service, requestMethod: N/A, url: N/A  method invoked: com.codergm.productservice.service.ProductService.getProductById(), data: {"id":2}
[INFO ] 2024-03-09 09:58:29.283 [http-nio-8080-exec-3] ProductService - Output, layer: Service, requestMethod: N/A, url: N/A  method invoked: com.codergm.productservice.service.ProductService.getProductById(), data: {"productName":"MacBook","productId":2,"quantity":10,"price":2000}
[INFO ] 2024-03-09 09:58:29.283 [http-nio-8080-exec-3] ProductController - Output, layer: Controller, requestMethod: GET, url: /{id}  method invoked: com.codergm.productservice.controller.ProductController.getProductById(), data: {"headers":{},"body":{"productName":"MacBook","productId":2,"quantity":10,"price":2000},"statusCode":"OK","statusCodeValue":200}
[INFO ] 2024-03-09 09:58:29.283 [http-nio-8080-exec-3] ProductController - method com.codergm.productservice.controller.ProductController.getProductById() executed in 6.008173200s
[INFO ] 2024-03-09 09:59:07.790 [http-nio-8080-exec-4] ProductController - Input, layer: Controller, requestMethod: POST, url:   method invoked: com.codergm.productservice.controller.ProductController.addProduct(), data: {"productRequest":{"name":"Motorola","price":450,"quantity":35}}
[INFO ] 2024-03-09 09:59:07.790 [http-nio-8080-exec-4] ProductService - Input, layer: Service, requestMethod: N/A, url: N/A  method invoked: com.codergm.productservice.service.ProductService.addProduct(), data: {"productRequest":{"name":"Motorola","price":450,"quantity":35}}
[INFO ] 2024-03-09 09:59:17.820 [http-nio-8080-exec-4] ProductService - Output, layer: Service, requestMethod: N/A, url: N/A  method invoked: com.codergm.productservice.service.ProductService.addProduct(), data: 1602
[INFO ] 2024-03-09 09:59:17.821 [http-nio-8080-exec-4] ProductController - Output, layer: Controller, requestMethod: POST, url:   method invoked: com.codergm.productservice.controller.ProductController.addProduct(), data: {"headers":{},"body":1602,"statusCode":"CREATED","statusCodeValue":201}
[INFO ] 2024-03-09 09:59:17.821 [http-nio-8080-exec-4] ProductController - method com.codergm.productservice.controller.ProductController.addProduct() executed in 10.030481600s
[INFO ] 2024-03-09 09:59:44.161 [main] OsProductServiceApplicationKt - Starting OsProductServiceApplicationKt using Java 17.0.9 with PID 11364 (D:\IdeaProjects\online-store\OSProductService\build\classes\kotlin\main started by Idris in D:\IdeaProjects\online-store\OSProductService)
[DEBUG] 2024-03-09 09:59:44.167 [main] OsProductServiceApplicationKt - Running with Spring Boot v3.2.3, Spring v6.1.4
[INFO ] 2024-03-09 09:59:44.168 [main] OsProductServiceApplicationKt - No active profile set, falling back to 1 default profile: "default"
[INFO ] 2024-03-09 09:59:47.342 [main] OsProductServiceApplicationKt - Started OsProductServiceApplicationKt in 3.622 seconds (process running for 5.29)
[INFO ] 2024-03-09 09:59:55.775 [http-nio-8080-exec-2] ProductController - Input, layer: Controller, requestMethod: POST, url:   method invoked: com.codergm.productservice.controller.ProductController.addProduct(), data: {"productRequest":{"name":"Motorola","price":450,"quantity":35}}
[INFO ] 2024-03-09 09:59:55.780 [http-nio-8080-exec-2] ProductService - Input, layer: Service, requestMethod: N/A, url: N/A  method invoked: com.codergm.productservice.service.ProductService.addProduct(), data: {"productRequest":{"name":"Motorola","price":450,"quantity":35}}
[INFO ] 2024-03-09 10:01:05.840 [http-nio-8080-exec-2] ProductService - Output, layer: Service, requestMethod: N/A, url: N/A  method invoked: com.codergm.productservice.service.ProductService.addProduct(), data: 1652
[INFO ] 2024-03-09 10:01:05.851 [http-nio-8080-exec-2] ProductController - Output, layer: Controller, requestMethod: POST, url:   method invoked: com.codergm.productservice.controller.ProductController.addProduct(), data: {"headers":{},"body":1652,"statusCode":"CREATED","statusCodeValue":201}
[INFO ] 2024-03-09 10:01:05.851 [http-nio-8080-exec-2] ProductController - method com.codergm.productservice.controller.ProductController.addProduct() executed in 1m 10.063482900s
[INFO ] 2024-03-09 10:33:29.945 [main] OsProductServiceApplicationKt - Starting OsProductServiceApplicationKt using Java 17.0.9 with PID 14320 (D:\IdeaProjects\online-store\OSProductService\build\classes\kotlin\main started by Idris in D:\IdeaProjects\online-store\OSProductService)
[DEBUG] 2024-03-09 10:33:29.951 [main] OsProductServiceApplicationKt - Running with Spring Boot v3.2.3, Spring v6.1.4
[INFO ] 2024-03-09 10:33:29.952 [main] OsProductServiceApplicationKt - No active profile set, falling back to 1 default profile: "default"
[INFO ] 2024-03-09 10:33:33.206 [main] OsProductServiceApplicationKt - Started OsProductServiceApplicationKt in 3.921 seconds (process running for 5.709)
[INFO ] 2024-03-09 10:33:50.647 [http-nio-8080-exec-2] ProductController - Input, layer: Controller, requestMethod: POST, url:   method invoked: com.codergm.productservice.controller.ProductController.addProduct(), data: {"productRequest":{"name":"Motorola","price":450,"quantity":35}}
[INFO ] 2024-03-09 10:33:50.651 [http-nio-8080-exec-2] ProductService - Input, layer: Service, requestMethod: N/A, url: N/A  method invoked: com.codergm.productservice.service.ProductService.addProduct(), data: {"productRequest":{"name":"Motorola","price":450,"quantity":35}}
[INFO ] 2024-03-09 10:35:00.705 [http-nio-8080-exec-2] ProductService - Output, layer: Service, requestMethod: N/A, url: N/A  method invoked: com.codergm.productservice.service.ProductService.addProduct(), data: 1702
[INFO ] 2024-03-09 10:35:00.705 [http-nio-8080-exec-2] ProductService - method com.codergm.productservice.service.ProductService.addProduct() executed in 1m 10.048537500s
[INFO ] 2024-03-09 10:35:00.712 [http-nio-8080-exec-2] ProductController - Output, layer: Controller, requestMethod: POST, url:   method invoked: com.codergm.productservice.controller.ProductController.addProduct(), data: {"headers":{},"body":1702,"statusCode":"CREATED","statusCodeValue":201}
[INFO ] 2024-03-09 10:35:00.712 [http-nio-8080-exec-2] ProductController - method com.codergm.productservice.controller.ProductController.addProduct() executed in 1m 10.056703s
[INFO ] 2024-03-09 10:36:24.975 [http-nio-8080-exec-5] ProductController - Input, layer: Controller, requestMethod: GET, url: /{id}  method invoked: com.codergm.productservice.controller.ProductController.getProductById(), data: {"id":2}
[INFO ] 2024-03-09 10:36:24.975 [http-nio-8080-exec-5] ProductService - Input, layer: Service, requestMethod: N/A, url: N/A  method invoked: com.codergm.productservice.service.ProductService.getProductById(), data: {"id":2}
[INFO ] 2024-03-09 10:36:31.022 [http-nio-8080-exec-5] ProductService - Output, layer: Service, requestMethod: N/A, url: N/A  method invoked: com.codergm.productservice.service.ProductService.getProductById(), data: {"productName":"MacBook","productId":2,"quantity":10,"price":2000}
[INFO ] 2024-03-09 10:36:31.023 [http-nio-8080-exec-5] ProductService - method com.codergm.productservice.service.ProductService.getProductById() executed in 6.046175700s
[INFO ] 2024-03-09 10:36:31.023 [http-nio-8080-exec-5] ProductController - Output, layer: Controller, requestMethod: GET, url: /{id}  method invoked: com.codergm.productservice.controller.ProductController.getProductById(), data: {"headers":{},"body":{"productName":"MacBook","productId":2,"quantity":10,"price":2000},"statusCode":"OK","statusCodeValue":200}
[INFO ] 2024-03-09 10:36:31.023 [http-nio-8080-exec-5] ProductController - method com.codergm.productservice.controller.ProductController.getProductById() executed in 6.047514700s
